<?xml version="1.0" encoding="UTF-8"?>
<Site BuildName="(empty)"
	BuildStamp="20210708-1016-Experimental"
	Name="(empty)"
	Generator="ctest-3.20.5"
	CompilerName=""
	CompilerVersion=""
	OSName="Mac OS X"
	Hostname="Kevins-MacBook-Pro.local"
	OSRelease="10.15.7"
	OSVersion="19H2"
	OSPlatform="x86_64"
	Is64Bits="1"
	VendorString="GenuineIntel"
	VendorID="Intel Corporation"
	FamilyID="6"
	ModelID="158"
	ProcessorCacheSize="32768"
	NumberOfLogicalCPU="16"
	NumberOfPhysicalCPU="8"
	TotalVirtualMemory="4096"
	TotalPhysicalMemory="16384"
	LogicalProcessorsPerPhysical="8"
	ProcessorClockFrequency="2300"
	>
	<Testing>
		<StartDateTime>Jul 08 03:16 PDT</StartDateTime>
		<StartTestTime>1625739393</StartTestTime>
		<TestList>
			<Test>./test/HelloTest.BasicAssertions</Test>
		</TestList>
		<Test Status="passed">
			<Name>HelloTest.BasicAssertions</Name>
			<Path>./test</Path>
			<FullName>./test/HelloTest.BasicAssertions</FullName>
			<FullCommandLine>/Users/niney/Desktop/code/ninechippers/build/test/hello_test "--gtest_filter=HelloTest.BasicAssertions" "--gtest_also_run_disabled_tests"</FullCommandLine>
			<Results>
				<NamedMeasurement type="numeric/double" name="Execution Time">
					<Value>0.00269638</Value>
				</NamedMeasurement>
				<NamedMeasurement type="numeric/double" name="Processors">
					<Value>1</Value>
				</NamedMeasurement>
				<NamedMeasurement type="text/string" name="Completion Status">
					<Value>Completed</Value>
				</NamedMeasurement>
				<NamedMeasurement type="text/string" name="Command Line">
					<Value>/Users/niney/Desktop/code/ninechippers/build/test/hello_test "--gtest_filter=HelloTest.BasicAssertions" "--gtest_also_run_disabled_tests"</Value>
				</NamedMeasurement>
				<NamedMeasurement type="text/string" name="Environment">
					<Value>#CTEST_RESOURCE_GROUP_COUNT=</Value>
				</NamedMeasurement>
				<Measurement>
					<Value encoding="base64" compression="gzip">eJyNkMFqwzAMhu9+Ch2bQ+L1Ouiho6ODQTfS9RRCcR01M3WsYCsbe/vFSQntYKU6Sb8+W7+Ud84ZV0OjjJslcPTUgNwF9EH2Ov7IFYYTUys1VThI+tO0bewfOmMrua+wDbImqi0yBk6D1xelHMqY7eOITGuxIcZHWA8IfPQdOBrL6GEBL2gtRSl7UsHoZeiNsCEXRLGYooT8bHoOPDyPps956AxjJop0ihLWlg7Kjn10X8aTa9D1LHLatX/gyz8nO6KAfLeBIcpbLkcE3l5vYTB7gCYkd8wdSWBiZRNx31aMyqcVfbvrm/13K/DKZddz+i3el9vt8youO7KZ+AVPe7P/====</Value>
				</Measurement>
			</Results>
		</Test>
		<EndDateTime>Jul 08 03:16 PDT</EndDateTime>
		<EndTestTime>1625739393</EndTestTime>
		<ElapsedMinutes>0</ElapsedMinutes>
	</Testing>
</Site>
